<?xml version="1.0" encoding="UTF-8"?>
<testsuite xmlns:xsi="http://www.w3.org/2001/XMLSchema-instance" xsi:noNamespaceSchemaLocation="https://maven.apache.org/surefire/maven-surefire-plugin/xsd/surefire-test-report-3.0.xsd" version="3.0" name="org.example.testRunner.runners" time="345.269" tests="19" errors="0" skipped="0" failures="3">
  <properties>
[...]
</properties>
  <testcase name="runScenario[&quot;guest user could register with valid data successfully&quot;, &quot;F01_Register | users could register with new accounts&quot;](1)" classname="org.example.testRunner.runners" time="20.357">
    <system-out><![CDATA[true
]]></system-out>
    <system-err><![CDATA[SLF4J: Failed to load class "org.slf4j.impl.StaticLoggerBinder".
SLF4J: Defaulting to no-operation (NOP) logger implementation
SLF4J: See http://www.slf4j.org/codes.html#StaticLoggerBinder for further details.
Starting ChromeDriver 103.0.5060.134 (8ec6fce403b3feb0869b0732eda8bd95011d333c-refs/branch-heads/5060@{#1262}) on port 52258
Only local connections are allowed.
Please see https://chromedriver.chromium.org/security-considerations for suggestions on keeping ChromeDriver safe.
ChromeDriver was started successfully.
Jul 27, 2022 9:46:14 PM org.openqa.selenium.remote.ProtocolHandshake createSession
INFO: Detected upstream dialect: W3C
Jul 27, 2022 9:46:14 PM org.openqa.selenium.devtools.CdpVersionFinder findNearestMatch
INFO: Found exact CDP implementation for version 103
]]></system-err>
  </testcase>
  <testcase name="runScenario[&quot;user could login with valid email and password&quot;, &quot;F02_Login | users could use login functionality to use their accounts&quot;](2)" classname="org.example.testRunner.runners" time="21.435">
    <system-out><![CDATA[https://demo.nopcommerce.com/
]]></system-out>
    <system-err><![CDATA[Starting ChromeDriver 103.0.5060.134 (8ec6fce403b3feb0869b0732eda8bd95011d333c-refs/branch-heads/5060@{#1262}) on port 52864
Only local connections are allowed.
Please see https://chromedriver.chromium.org/security-considerations for suggestions on keeping ChromeDriver safe.
ChromeDriver was started successfully.
Jul 27, 2022 9:46:31 PM org.openqa.selenium.remote.ProtocolHandshake createSession
INFO: Detected upstream dialect: W3C
Jul 27, 2022 9:46:31 PM org.openqa.selenium.devtools.CdpVersionFinder findNearestMatch
INFO: Found exact CDP implementation for version 103
]]></system-err>
  </testcase>
  <testcase name="runScenario[&quot;user could login with invalid email and password&quot;, &quot;F02_Login | users could use login functionality to use their accounts&quot;](3)" classname="org.example.testRunner.runners" time="30.351">
    <system-out><![CDATA[rgba(228, 67, 75, 1)
]]></system-out>
    <system-err><![CDATA[Starting ChromeDriver 103.0.5060.134 (8ec6fce403b3feb0869b0732eda8bd95011d333c-refs/branch-heads/5060@{#1262}) on port 55267
Only local connections are allowed.
Please see https://chromedriver.chromium.org/security-considerations for suggestions on keeping ChromeDriver safe.
ChromeDriver was started successfully.
Jul 27, 2022 9:46:53 PM org.openqa.selenium.remote.ProtocolHandshake createSession
INFO: Detected upstream dialect: W3C
Jul 27, 2022 9:46:53 PM org.openqa.selenium.devtools.CdpVersionFinder findNearestMatch
INFO: Found exact CDP implementation for version 103
]]></system-err>
  </testcase>
  <testcase name="runScenario[&quot;user could change currency feature&quot;, &quot;Change Currency Feature&quot;](4)" classname="org.example.testRunner.runners" time="23.549">
    <system-out><![CDATA[€1032.00
€1548.00
€210.70
€21.50
]]></system-out>
    <system-err><![CDATA[Starting ChromeDriver 103.0.5060.134 (8ec6fce403b3feb0869b0732eda8bd95011d333c-refs/branch-heads/5060@{#1262}) on port 55449
Only local connections are allowed.
Please see https://chromedriver.chromium.org/security-considerations for suggestions on keeping ChromeDriver safe.
ChromeDriver was started successfully.
Jul 27, 2022 9:47:23 PM org.openqa.selenium.remote.ProtocolHandshake createSession
INFO: Detected upstream dialect: W3C
Jul 27, 2022 9:47:23 PM org.openqa.selenium.devtools.CdpVersionFinder findNearestMatch
INFO: Found exact CDP implementation for version 103
]]></system-err>
  </testcase>
  <testcase name="runScenario[&quot;user could search using product name&quot;, &quot;Search Feature&quot;](5)" classname="org.example.testRunner.runners" time="20.006">
    <system-out><![CDATA[book
 Count number of search results =1
]]></system-out>
    <system-err><![CDATA[Starting ChromeDriver 103.0.5060.134 (8ec6fce403b3feb0869b0732eda8bd95011d333c-refs/branch-heads/5060@{#1262}) on port 59313
Only local connections are allowed.
Please see https://chromedriver.chromium.org/security-considerations for suggestions on keeping ChromeDriver safe.
ChromeDriver was started successfully.
Jul 27, 2022 9:47:46 PM org.openqa.selenium.remote.ProtocolHandshake createSession
INFO: Detected upstream dialect: W3C
Jul 27, 2022 9:47:46 PM org.openqa.selenium.devtools.CdpVersionFinder findNearestMatch
INFO: Found exact CDP implementation for version 103
]]></system-err>
  </testcase>
  <testcase name="runScenario[&quot;user could search using product name&quot;, &quot;Search Feature&quot;](6)" classname="org.example.testRunner.runners" time="17.605">
    <system-out><![CDATA[laptop
 Count number of search results =1
]]></system-out>
    <system-err><![CDATA[Starting ChromeDriver 103.0.5060.134 (8ec6fce403b3feb0869b0732eda8bd95011d333c-refs/branch-heads/5060@{#1262}) on port 58288
Only local connections are allowed.
Please see https://chromedriver.chromium.org/security-considerations for suggestions on keeping ChromeDriver safe.
ChromeDriver was started successfully.
Jul 27, 2022 9:48:05 PM org.openqa.selenium.remote.ProtocolHandshake createSession
INFO: Detected upstream dialect: W3C
Jul 27, 2022 9:48:05 PM org.openqa.selenium.devtools.CdpVersionFinder findNearestMatch
INFO: Found exact CDP implementation for version 103
]]></system-err>
  </testcase>
  <testcase name="runScenario[&quot;user could search using product name&quot;, &quot;Search Feature&quot;](7)" classname="org.example.testRunner.runners" time="17.41">
    <system-out><![CDATA[nike
 Count number of search results =1
]]></system-out>
    <system-err><![CDATA[Starting ChromeDriver 103.0.5060.134 (8ec6fce403b3feb0869b0732eda8bd95011d333c-refs/branch-heads/5060@{#1262}) on port 52106
Only local connections are allowed.
Please see https://chromedriver.chromium.org/security-considerations for suggestions on keeping ChromeDriver safe.
ChromeDriver was started successfully.
Jul 27, 2022 9:48:22 PM org.openqa.selenium.remote.ProtocolHandshake createSession
INFO: Detected upstream dialect: W3C
Jul 27, 2022 9:48:22 PM org.openqa.selenium.devtools.CdpVersionFinder findNearestMatch
INFO: Found exact CDP implementation for version 103
]]></system-err>
  </testcase>
  <testcase name="runScenario[&quot;user could search for product using sku&quot;, &quot;Search Feature&quot;](8)" classname="org.example.testRunner.runners" time="20.204">
    <system-out><![CDATA[SCI_FAITH
 Count number of search results =1
expected name is SCI_FAITH
actual name is SCI_FAITH
]]></system-out>
    <system-err><![CDATA[Starting ChromeDriver 103.0.5060.134 (8ec6fce403b3feb0869b0732eda8bd95011d333c-refs/branch-heads/5060@{#1262}) on port 49408
Only local connections are allowed.
Please see https://chromedriver.chromium.org/security-considerations for suggestions on keeping ChromeDriver safe.
ChromeDriver was started successfully.
Jul 27, 2022 9:48:40 PM org.openqa.selenium.remote.ProtocolHandshake createSession
INFO: Detected upstream dialect: W3C
Jul 27, 2022 9:48:40 PM org.openqa.selenium.devtools.CdpVersionFinder findNearestMatch
INFO: Found exact CDP implementation for version 103
]]></system-err>
  </testcase>
  <testcase name="runScenario[&quot;user could search for product using sku&quot;, &quot;Search Feature&quot;](9)" classname="org.example.testRunner.runners" time="22.483">
    <system-out><![CDATA[APPLE_CAM
 Count number of search results =1
expected name is APPLE_CAM
actual name is APPLE_CAM
]]></system-out>
    <system-err><![CDATA[Starting ChromeDriver 103.0.5060.134 (8ec6fce403b3feb0869b0732eda8bd95011d333c-refs/branch-heads/5060@{#1262}) on port 64908
Only local connections are allowed.
Please see https://chromedriver.chromium.org/security-considerations for suggestions on keeping ChromeDriver safe.
ChromeDriver was started successfully.
Jul 27, 2022 9:49:00 PM org.openqa.selenium.remote.ProtocolHandshake createSession
INFO: Detected upstream dialect: W3C
Jul 27, 2022 9:49:00 PM org.openqa.selenium.devtools.CdpVersionFinder findNearestMatch
INFO: Found exact CDP implementation for version 103
]]></system-err>
  </testcase>
  <testcase name="runScenario[&quot;user could search for product using sku&quot;, &quot;Search Feature&quot;](10)" classname="org.example.testRunner.runners" time="22.225">
    <system-out><![CDATA[SF_PRO_11
 Count number of search results =1
expected name is SF_PRO_11
actual name is SF_PRO_11

@smoke
Scenario: guest user could register with valid data successfully &amp#27;[90m# src/main/resources/features/F01_Register.feature:3&amp#27;[0m
  &amp#27;[32mGiven &amp#27;[0m&amp#27;[32muser go to register page&amp#27;[0m                                 &amp#27;[90m# org.example.stepDefs.D01_registerStepDef.goRegisterPage()&amp#27;[0m
  &amp#27;[32mWhen &amp#27;[0m&amp#27;[32muser select gender type&amp#27;[0m                                   &amp#27;[90m# org.example.stepDefs.D01_registerStepDef.select_gender()&amp#27;[0m
  &amp#27;[32mAnd &amp#27;[0m&amp#27;[32muser enter first name "automation" and last name "tester"&amp#27;[0m  &amp#27;[90m# org.example.stepDefs.D01_registerStepDef.enter_name()&amp#27;[0m
  &amp#27;[32mAnd &amp#27;[0m&amp#27;[32muser enter date of birth&amp#27;[0m                                   &amp#27;[90m# org.example.stepDefs.D01_registerStepDef.enter_date()&amp#27;[0m
  &amp#27;[32mAnd &amp#27;[0m&amp#27;[32muser enter email "test@example.com" field&amp#27;[0m                  &amp#27;[90m# org.example.stepDefs.D01_registerStepDef.enter_email()&amp#27;[0m
  &amp#27;[32mAnd &amp#27;[0m&amp#27;[32muser fills Password fields "P@ssw0rd" "P@ssw0rd"&amp#27;[0m           &amp#27;[90m# org.example.stepDefs.D01_registerStepDef.fills_password()&amp#27;[0m
  &amp#27;[32mAnd &amp#27;[0m&amp#27;[32muser clicks on register button&amp#27;[0m                             &amp#27;[90m# org.example.stepDefs.D01_registerStepDef.click_button()&amp#27;[0m
  &amp#27;[32mThen &amp#27;[0m&amp#27;[32msuccess message is displayed&amp#27;[0m                              &amp#27;[90m# org.example.stepDefs.D01_registerStepDef.success_message()&amp#27;[0m

@smoke
Scenario: user could login with valid email and password &amp#27;[90m# src/main/resources/features/F02_Login.feature:5&amp#27;[0m
  &amp#27;[32mGiven &amp#27;[0m&amp#27;[32muser go to login page&amp#27;[0m                            &amp#27;[90m# org.example.stepDefs.D02_loginStepDef.login_page()&amp#27;[0m
  &amp#27;[32mWhen &amp#27;[0m&amp#27;[32muser login with valid &amp#27;[0m&amp#27;[32m&amp#27;[1m"test9@example.com"&amp#27;[0m         &amp#27;[90m# org.example.stepDefs.D02_loginStepDef.userLoginWithValid(java.lang.String)&amp#27;[0m
  &amp#27;[32mAnd &amp#27;[0m&amp#27;[32mvalid &amp#27;[0m&amp#27;[32m&amp#27;[1m"P@ssw0rd"&amp#27;[0m                                   &amp#27;[90m# org.example.stepDefs.D02_loginStepDef.valid(java.lang.String)&amp#27;[0m
  &amp#27;[32mAnd &amp#27;[0m&amp#27;[32muser press on login button&amp#27;[0m                         &amp#27;[90m# org.example.stepDefs.D02_loginStepDef.login_button()&amp#27;[0m
  &amp#27;[32mThen &amp#27;[0m&amp#27;[32muser login to the system successfully&amp#27;[0m             &amp#27;[90m# org.example.stepDefs.D02_loginStepDef.userLoginToTheSystemSuccessfully()&amp#27;[0m

@smoke
Scenario: user could login with invalid email and password &amp#27;[90m# src/main/resources/features/F02_Login.feature:12&amp#27;[0m
  &amp#27;[32mGiven &amp#27;[0m&amp#27;[32muser go to login page&amp#27;[0m                              &amp#27;[90m# org.example.stepDefs.D02_loginStepDef.login_page()&amp#27;[0m
  &amp#27;[32mWhen &amp#27;[0m&amp#27;[32muser login with invalid &amp#27;[0m&amp#27;[32m&amp#27;[1m"test000@example.com"&amp#27;[0m       &amp#27;[90m# org.example.stepDefs.D02_loginStepDef.userLoginWithInvalid(java.lang.String)&amp#27;[0m
  &amp#27;[32mAnd &amp#27;[0m&amp#27;[32minvalid &amp#27;[0m&amp#27;[32m&amp#27;[1m"P@ssw0rd"&amp#27;[0m                                   &amp#27;[90m# org.example.stepDefs.D02_loginStepDef.invalid(java.lang.String)&amp#27;[0m
  &amp#27;[32mAnd &amp#27;[0m&amp#27;[32muser press on login button&amp#27;[0m                           &amp#27;[90m# org.example.stepDefs.D02_loginStepDef.login_button()&amp#27;[0m
  &amp#27;[32mThen &amp#27;[0m&amp#27;[32muser could not login to the system&amp#27;[0m                  &amp#27;[90m# org.example.stepDefs.D02_loginStepDef.userCouldNotLoginToTheSystem()&amp#27;[0m

@smoke
Scenario: user could change currency feature         &amp#27;[90m# src/main/resources/features/F03_currencies.feature:3&amp#27;[0m
  &amp#27;[32mGiven &amp#27;[0m&amp#27;[32muser go to home page&amp#27;[0m                         &amp#27;[90m# org.example.stepDefs.D03_currenciesStepDef.home_page()&amp#27;[0m
  &amp#27;[32mWhen &amp#27;[0m&amp#27;[32mSelect Euro currency from the dropdown list&amp#27;[0m   &amp#27;[90m# org.example.stepDefs.D03_currenciesStepDef.select_Euro()&amp#27;[0m
  &amp#27;[32mThen &amp#27;[0m&amp#27;[32mEuro Symbol (â‚¬) is shown on the four products&amp#27;[0m &amp#27;[90m# org.example.stepDefs.D03_currenciesStepDef.euro_symbol()&amp#27;[0m

@smoke
Scenario Outline: user could search using product name &amp#27;[90m# src/main/resources/features/F04_Search.feature:13&amp#27;[0m
  &amp#27;[32mGiven &amp#27;[0m&amp#27;[32muser navigates to home page&amp#27;[0m                    &amp#27;[90m# org.example.stepDefs.D04_searchStepDef.home_page()&amp#27;[0m
  &amp#27;[32mWhen &amp#27;[0m&amp#27;[32mI enter product name as &amp#27;[0m&amp#27;[32m&amp#27;[1m"book"&amp#27;[0m                  &amp#27;[90m# org.example.stepDefs.D04_searchStepDef.iEnterProductNameAs(java.lang.String)&amp#27;[0m
  &amp#27;[32mAnd &amp#27;[0m&amp#27;[32muser clicks on search button&amp#27;[0m                     &amp#27;[90m# org.example.stepDefs.D04_searchStepDef.user_clicks_on_search_button()&amp#27;[0m
  &amp#27;[32mThen &amp#27;[0m&amp#27;[32mproducts list will appears&amp#27;[0m                      &amp#27;[90m# org.example.stepDefs.D04_searchStepDef.productsListWillAppears()&amp#27;[0m

@smoke
Scenario Outline: user could search using product name &amp#27;[90m# src/main/resources/features/F04_Search.feature:14&amp#27;[0m
  &amp#27;[32mGiven &amp#27;[0m&amp#27;[32muser navigates to home page&amp#27;[0m                    &amp#27;[90m# org.example.stepDefs.D04_searchStepDef.home_page()&amp#27;[0m
  &amp#27;[32mWhen &amp#27;[0m&amp#27;[32mI enter product name as &amp#27;[0m&amp#27;[32m&amp#27;[1m"laptop"&amp#27;[0m                &amp#27;[90m# org.example.stepDefs.D04_searchStepDef.iEnterProductNameAs(java.lang.String)&amp#27;[0m
  &amp#27;[32mAnd &amp#27;[0m&amp#27;[32muser clicks on search button&amp#27;[0m                     &amp#27;[90m# org.example.stepDefs.D04_searchStepDef.user_clicks_on_search_button()&amp#27;[0m
  &amp#27;[32mThen &amp#27;[0m&amp#27;[32mproducts list will appears&amp#27;[0m                      &amp#27;[90m# org.example.stepDefs.D04_searchStepDef.productsListWillAppears()&amp#27;[0m

@smoke
Scenario Outline: user could search using product name &amp#27;[90m# src/main/resources/features/F04_Search.feature:15&amp#27;[0m
  &amp#27;[32mGiven &amp#27;[0m&amp#27;[32muser navigates to home page&amp#27;[0m                    &amp#27;[90m# org.example.stepDefs.D04_searchStepDef.home_page()&amp#27;[0m
  &amp#27;[32mWhen &amp#27;[0m&amp#27;[32mI enter product name as &amp#27;[0m&amp#27;[32m&amp#27;[1m"nike"&amp#27;[0m                  &amp#27;[90m# org.example.stepDefs.D04_searchStepDef.iEnterProductNameAs(java.lang.String)&amp#27;[0m
  &amp#27;[32mAnd &amp#27;[0m&amp#27;[32muser clicks on search button&amp#27;[0m                     &amp#27;[90m# org.example.stepDefs.D04_searchStepDef.user_clicks_on_search_button()&amp#27;[0m
  &amp#27;[32mThen &amp#27;[0m&amp#27;[32mproducts list will appears&amp#27;[0m                      &amp#27;[90m# org.example.stepDefs.D04_searchStepDef.productsListWillAppears()&amp#27;[0m

@smoke
Scenario Outline: user could search for product using sku &amp#27;[90m# src/main/resources/features/F04_Search.feature:22&amp#27;[0m
  &amp#27;[32mGiven &amp#27;[0m&amp#27;[32muser navigates to home page&amp#27;[0m                       &amp#27;[90m# org.example.stepDefs.D04_searchStepDef.home_page()&amp#27;[0m
  &amp#27;[32mWhen &amp#27;[0m&amp#27;[32mI enter product name using sku as &amp#27;[0m&amp#27;[32m&amp#27;[1m"SCI_FAITH"&amp#27;[0m      &amp#27;[90m# org.example.stepDefs.D04_searchStepDef.iEnterProductNameUsingSkuAs(java.lang.String)&amp#27;[0m
  &amp#27;[32mAnd &amp#27;[0m&amp#27;[32muser clicks on search button&amp#27;[0m                        &amp#27;[90m# org.example.stepDefs.D04_searchStepDef.user_clicks_on_search_button()&amp#27;[0m
  &amp#27;[32mThen &amp#27;[0m&amp#27;[32massertion to verify name of &amp#27;[0m&amp#27;[32m&amp#27;[1m"SCI_FAITH"&amp#27;[0m            &amp#27;[90m# org.example.stepDefs.D04_searchStepDef.assertionToVerifyNameOf(java.lang.String)&amp#27;[0m

@smoke
Scenario Outline: user could search for product using sku &amp#27;[90m# src/main/resources/features/F04_Search.feature:23&amp#27;[0m
  &amp#27;[32mGiven &amp#27;[0m&amp#27;[32muser navigates to home page&amp#27;[0m                       &amp#27;[90m# org.example.stepDefs.D04_searchStepDef.home_page()&amp#27;[0m
  &amp#27;[32mWhen &amp#27;[0m&amp#27;[32mI enter product name using sku as &amp#27;[0m&amp#27;[32m&amp#27;[1m"APPLE_CAM"&amp#27;[0m      &amp#27;[90m# org.example.stepDefs.D04_searchStepDef.iEnterProductNameUsingSkuAs(java.lang.String)&amp#27;[0m
  &amp#27;[32mAnd &amp#27;[0m&amp#27;[32muser clicks on search button&amp#27;[0m                        &amp#27;[90m# org.example.stepDefs.D04_searchStepDef.user_clicks_on_search_button()&amp#27;[0m
  &amp#27;[32mThen &amp#27;[0m&amp#27;[32massertion to verify name of &amp#27;[0m&amp#27;[32m&amp#27;[1m"APPLE_CAM"&amp#27;[0m            &amp#27;[90m# org.example.stepDefs.D04_searchStepDef.assertionToVerifyNameOf(java.lang.String)&amp#27;[0m

@smoke
Scenario Outline: user could search for product using sku &amp#27;[90m# src/main/resources/features/F04_Search.feature:24&amp#27;[0m
  &amp#27;[32mGiven &amp#27;[0m&amp#27;[32muser navigates to home page&amp#27;[0m                       &amp#27;[90m# org.example.stepDefs.D04_searchStepDef.home_page()&amp#27;[0m
  &amp#27;[32mWhen &amp#27;[0m&amp#27;[32mI enter product name using sku as &amp#27;[0m&amp#27;[32m&amp#27;[1m"SF_PRO_11"&amp#27;[0m      &amp#27;[90m# org.example.stepDefs.D04_searchStepDef.iEnterProductNameUsingSkuAs(java.lang.String)&amp#27;[0m
  &amp#27;[32mAnd &amp#27;[0m&amp#27;[32muser clicks on search button&amp#27;[0m                        &amp#27;[90m# org.example.stepDefs.D04_searchStepDef.user_clicks_on_search_button()&amp#27;[0m
  &amp#27;[32mThen &amp#27;[0m&amp#27;[32massertion to verify name of &amp#27;[0m&amp#27;[32m&amp#27;[1m"SF_PRO_11"&amp#27;[0m            &amp#27;[90m# org.example.stepDefs.D04]]></system-out>
    <system-err><![CDATA[Starting ChromeDriver 103.0.5060.134 (8ec6fce403b3feb0869b0732eda8bd95011d333c-refs/branch-heads/5060@{#1262}) on port 58187
Only local connections are allowed.
Please see https://chromedriver.chromium.org/security-considerations for suggestions on keeping ChromeDriver safe.
ChromeDriver was started successfully.
Jul 27, 2022 9:49:24 PM org.openqa.selenium.remote.ProtocolHandshake createSession
INFO: Detected upstream dialect: W3C
Jul 27, 2022 9:49:24 PM org.openqa.selenium.devtools.CdpVersionFinder findNearestMatch
INFO: Found exact CDP implementation for version 103
]]></system-err>
  </testcase>
  <testcase name="runScenario[&quot;use Actions class in Selenium framework to hover on one of main categories then click on sub category&quot;, &quot;hoverCategories Feature&quot;](11)" classname="org.example.testRunner.runners" time="12.382">
    <system-out><![CDATA[expectedTitle Jewelry
actualTitle Jewelry
]]></system-out>
    <system-err><![CDATA[Starting ChromeDriver 103.0.5060.134 (8ec6fce403b3feb0869b0732eda8bd95011d333c-refs/branch-heads/5060@{#1262}) on port 50690
Only local connections are allowed.
Please see https://chromedriver.chromium.org/security-considerations for suggestions on keeping ChromeDriver safe.
ChromeDriver was started successfully.
Jul 27, 2022 9:49:45 PM org.openqa.selenium.remote.ProtocolHandshake createSession
INFO: Detected upstream dialect: W3C
Jul 27, 2022 9:49:45 PM org.openqa.selenium.devtools.CdpVersionFinder findNearestMatch
INFO: Found exact CDP implementation for version 103
]]></system-err>
  </testcase>
  <testcase name="runScenario[&quot;first slider is clickable on home page&quot;, &quot;homeSliders Feature&quot;](12)" classname="org.example.testRunner.runners" time="10.101">
    <failure message="The following asserts failed:&#10;	expected [https://demo.nopcommerce.com/nokia-lumia-1020] but found [https://demo.nopcommerce.com/]" type="java.lang.AssertionError"><![CDATA[java.lang.AssertionError: 
The following asserts failed:
	expected [https://demo.nopcommerce.com/nokia-lumia-1020] but found [https://demo.nopcommerce.com/]
	at org.testng.asserts.SoftAssert.assertAll(SoftAssert.java:46)
	at org.testng.asserts.SoftAssert.assertAll(SoftAssert.java:30)
	at org.example.stepDefs.D06_homeSlidersStepDef.directUserToExpectedUrl(D06_homeSlidersStepDef.java:30)
	at ✽.direct user to expected url(file:///C:/apache-maven-3.8.6/demonopcommerce/src/main/resources/features/F06_homeSliders.feature:6)
]]></failure>
    <system-err><![CDATA[Starting ChromeDriver 103.0.5060.134 (8ec6fce403b3feb0869b0732eda8bd95011d333c-refs/branch-heads/5060@{#1262}) on port 65274
Only local connections are allowed.
Please see https://chromedriver.chromium.org/security-considerations for suggestions on keeping ChromeDriver safe.
ChromeDriver was started successfully.
Jul 27, 2022 9:49:57 PM org.openqa.selenium.remote.ProtocolHandshake createSession
INFO: Detected upstream dialect: W3C
Jul 27, 2022 9:49:57 PM org.openqa.selenium.devtools.CdpVersionFinder findNearestMatch
INFO: Found exact CDP implementation for version 103
]]></system-err>
  </testcase>
  <testcase name="runScenario[&quot;second slider is clickable on home page&quot;, &quot;homeSliders Feature&quot;](13)" classname="org.example.testRunner.runners" time="10.198">
    <failure message="The following asserts failed:&#10;	expected [https://demo.nopcommerce.com/iphone-6] but found [https://demo.nopcommerce.com/]" type="java.lang.AssertionError"><![CDATA[java.lang.AssertionError: 
The following asserts failed:
	expected [https://demo.nopcommerce.com/iphone-6] but found [https://demo.nopcommerce.com/]
	at org.testng.asserts.SoftAssert.assertAll(SoftAssert.java:46)
	at org.testng.asserts.SoftAssert.assertAll(SoftAssert.java:30)
	at org.example.stepDefs.D06_homeSlidersStepDef.directUserToExpectedSecondSlideUrl(D06_homeSlidersStepDef.java:44)
	at ✽.direct user to expected second slide url(file:///C:/apache-maven-3.8.6/demonopcommerce/src/main/resources/features/F06_homeSliders.feature:10)
]]></failure>
    <system-err><![CDATA[Starting ChromeDriver 103.0.5060.134 (8ec6fce403b3feb0869b0732eda8bd95011d333c-refs/branch-heads/5060@{#1262}) on port 52854
Only local connections are allowed.
Please see https://chromedriver.chromium.org/security-considerations for suggestions on keeping ChromeDriver safe.
ChromeDriver was started successfully.
Jul 27, 2022 9:50:07 PM org.openqa.selenium.remote.ProtocolHandshake createSession
INFO: Detected upstream dialect: W3C
Jul 27, 2022 9:50:08 PM org.openqa.selenium.devtools.CdpVersionFinder findNearestMatch
INFO: Found exact CDP implementation for version 103
]]></system-err>
  </testcase>
  <testcase name="runScenario[&quot;user opens facebook link&quot;, &quot;users could open followUs links&quot;](14)" classname="org.example.testRunner.runners" time="16.282">
    <system-out><![CDATA[current url https://www.facebook.com/nopCommerce
current title NopCommerce - Home | Facebook
https://demo.nopcommerce.com/
nopCommerce demo store
]]></system-out>
    <system-err><![CDATA[Starting ChromeDriver 103.0.5060.134 (8ec6fce403b3feb0869b0732eda8bd95011d333c-refs/branch-heads/5060@{#1262}) on port 49241
Only local connections are allowed.
Please see https://chromedriver.chromium.org/security-considerations for suggestions on keeping ChromeDriver safe.
ChromeDriver was started successfully.
Jul 27, 2022 9:50:17 PM org.openqa.selenium.remote.ProtocolHandshake createSession
INFO: Detected upstream dialect: W3C
Jul 27, 2022 9:50:18 PM org.openqa.selenium.devtools.CdpVersionFinder findNearestMatch
INFO: Found exact CDP implementation for version 103
]]></system-err>
  </testcase>
  <testcase name="runScenario[&quot;user opens twitter link&quot;, &quot;users could open followUs links&quot;](15)" classname="org.example.testRunner.runners" time="17.969">
    <system-out><![CDATA[current url https://twitter.com/nopCommerce
current title nopCommerce (@nopCommerce) / Twitter
https://demo.nopcommerce.com/
nopCommerce demo store
]]></system-out>
    <system-err><![CDATA[Starting ChromeDriver 103.0.5060.134 (8ec6fce403b3feb0869b0732eda8bd95011d333c-refs/branch-heads/5060@{#1262}) on port 55772
Only local connections are allowed.
Please see https://chromedriver.chromium.org/security-considerations for suggestions on keeping ChromeDriver safe.
ChromeDriver was started successfully.
Jul 27, 2022 9:50:34 PM org.openqa.selenium.remote.ProtocolHandshake createSession
INFO: Detected upstream dialect: W3C
Jul 27, 2022 9:50:34 PM org.openqa.selenium.devtools.CdpVersionFinder findNearestMatch
INFO: Found exact CDP implementation for version 103
]]></system-err>
  </testcase>
  <testcase name="runScenario[&quot;user opens rss link&quot;, &quot;users could open followUs links&quot;](16)" classname="org.example.testRunner.runners" time="13.959">
    <failure message="Index: 1, Size: 1" type="java.lang.IndexOutOfBoundsException"><![CDATA[java.lang.IndexOutOfBoundsException: Index: 1, Size: 1
	at java.util.ArrayList.rangeCheck(ArrayList.java:659)
	at java.util.ArrayList.get(ArrayList.java:435)
	at org.example.stepDefs.D07_followUsStepDef.isOpenedInNewTab(D07_followUsStepDef.java:26)
	at ✽."https://demo.nopcommerce.com/new-online-store-is-open" is opened in new tab(file:///C:/apache-maven-3.8.6/demonopcommerce/src/main/resources/features/F07_followUs.feature:14)
]]></failure>
    <system-err><![CDATA[Starting ChromeDriver 103.0.5060.134 (8ec6fce403b3feb0869b0732eda8bd95011d333c-refs/branch-heads/5060@{#1262}) on port 57577
Only local connections are allowed.
Please see https://chromedriver.chromium.org/security-considerations for suggestions on keeping ChromeDriver safe.
ChromeDriver was started successfully.
Jul 27, 2022 9:50:52 PM org.openqa.selenium.remote.ProtocolHandshake createSession
INFO: Detected upstream dialect: W3C
Jul 27, 2022 9:50:52 PM org.openqa.selenium.devtools.CdpVersionFinder findNearestMatch
INFO: Found exact CDP implementation for version 103
]]></system-err>
  </testcase>
  <testcase name="runScenario[&quot;user opens youtube link&quot;, &quot;users could open followUs links&quot;](17)" classname="org.example.testRunner.runners" time="15.897">
    <system-out><![CDATA[current url https://www.youtube.com/user/nopCommerce
current title nopCommerce - YouTube
https://demo.nopcommerce.com/
nopCommerce demo store
]]></system-out>
    <system-err><![CDATA[Starting ChromeDriver 103.0.5060.134 (8ec6fce403b3feb0869b0732eda8bd95011d333c-refs/branch-heads/5060@{#1262}) on port 59069
Only local connections are allowed.
Please see https://chromedriver.chromium.org/security-considerations for suggestions on keeping ChromeDriver safe.
ChromeDriver was started successfully.
Jul 27, 2022 9:51:05 PM org.openqa.selenium.remote.ProtocolHandshake createSession
INFO: Detected upstream dialect: W3C
Jul 27, 2022 9:51:05 PM org.openqa.selenium.devtools.CdpVersionFinder findNearestMatch
INFO: Found exact CDP implementation for version 103
]]></system-err>
  </testcase>
  <testcase name="runScenario[&quot;add product to your wishlist&quot;, &quot;Wishlist Feature&quot;](18)" classname="org.example.testRunner.runners" time="12.423">
    <system-out><![CDATA[rgba(75, 176, 122, 1)
]]></system-out>
    <system-err><![CDATA[Starting ChromeDriver 103.0.5060.134 (8ec6fce403b3feb0869b0732eda8bd95011d333c-refs/branch-heads/5060@{#1262}) on port 63858
Only local connections are allowed.
Please see https://chromedriver.chromium.org/security-considerations for suggestions on keeping ChromeDriver safe.
ChromeDriver was started successfully.
Jul 27, 2022 9:51:23 PM org.openqa.selenium.remote.ProtocolHandshake createSession
INFO: Detected upstream dialect: W3C
Jul 27, 2022 9:51:23 PM org.openqa.selenium.devtools.CdpVersionFinder findNearestMatch
INFO: Found exact CDP implementation for version 103
]]></system-err>
  </testcase>
  <testcase name="runScenario[&quot;click on succes message and check number of wishlist&quot;, &quot;Wishlist Feature&quot;](19)" classname="org.example.testRunner.runners" time="15.698">
    <system-out><![CDATA[1
the count of number =1
]]></system-out>
    <system-err><![CDATA[Starting ChromeDriver 103.0.5060.134 (8ec6fce403b3feb0869b0732eda8bd95011d333c-refs/branch-heads/5060@{#1262}) on port 54730
Only local connections are allowed.
Please see https://chromedriver.chromium.org/security-considerations for suggestions on keeping ChromeDriver safe.
ChromeDriver was started successfully.
Jul 27, 2022 9:51:34 PM org.openqa.selenium.remote.ProtocolHandshake createSession
INFO: Detected upstream dialect: W3C
Jul 27, 2022 9:51:34 PM org.openqa.selenium.devtools.CdpVersionFinder findNearestMatch
INFO: Found exact CDP implementation for version 103
]]></system-err>
  </testcase>
</testsuite>